#
# There is insufficient memory for the Java Runtime Environment to continue.
# Native memory allocation (malloc) failed to allocate 1048576 bytes. Error detail: AllocateHeap
# Possible reasons:
#   The system is out of physical RAM or swap space
#   This process is running with CompressedOops enabled, and the Java Heap may be blocking the growth of the native heap
# Possible solutions:
#   Reduce memory load on the system
#   Increase physical memory or swap space
#   Check if swap backing store is full
#   Decrease Java heap size (-Xmx/-Xms)
#   Decrease number of Java threads
#   Decrease Java thread stack sizes (-Xss)
#   Set larger code cache with -XX:ReservedCodeCacheSize=
#   JVM is running with Unscaled Compressed Oops mode in which the Java heap is
#     placed in the first 4GB address space. The Java Heap base address is the
#     maximum limit for the native heap growth. Please use -XX:HeapBaseMinAddress
#     to set the Java Heap base and to place the Java Heap above 4GB virtual address.
# This output file may be truncated or incomplete.
#
#  Out of Memory Error (allocation.cpp:44), pid=76024, tid=77428
#
# JRE version:  (21.0.6) (build )
# Java VM: OpenJDK 64-Bit Server VM (21.0.6+-13355223-b631.42, mixed mode, sharing, tiered, compressed oops, compressed class ptrs, g1 gc, windows-amd64)
# No core dump will be written. Minidumps are not enabled by default on client versions of Windows
#

---------------  S U M M A R Y ------------

Command Line: 

Host: AMD Ryzen 3 7320U with Radeon Graphics         , 8 cores, 5G,  Windows 11 , 64 bit Build 22621 (10.0.22621.5262)
Time: Sun May 11 13:27:34 2025 SE Asia Standard Time elapsed time: 0.122765 seconds (0d 0h 0m 0s)

---------------  T H R E A D  ---------------

Current thread (0x000001b7485325c0):  JavaThread "Unknown thread" [_thread_in_vm, id=77428, stack(0x0000001134a00000,0x0000001134b00000) (1024K)]

Stack: [0x0000001134a00000,0x0000001134b00000]
Native frames: (J=compiled Java code, j=interpreted, Vv=VM code, C=native code)
V  [jvm.dll+0x6d05a9]
V  [jvm.dll+0x85ea73]
V  [jvm.dll+0x860fce]
V  [jvm.dll+0x8616b3]
V  [jvm.dll+0x27e6e6]
V  [jvm.dll+0xba6e7]
V  [jvm.dll+0x3257c5]
V  [jvm.dll+0x82647d]
V  [jvm.dll+0x3bc118]
V  [jvm.dll+0x80f768]
V  [jvm.dll+0x4502ce]
V  [jvm.dll+0x451a31]
C  [jli.dll+0x52ab]
C  [ucrtbase.dll+0x29333]
C  [KERNEL32.DLL+0x1259d]
C  [ntdll.dll+0x5af58]


---------------  P R O C E S S  ---------------

Threads class SMR info:
_java_thread_list=0x00007ff9b9c01848, length=0, elements={
}

Java Threads: ( => current thread )
Total: 0

Other Threads:

=>0x000001b7485325c0 (exited) JavaThread "Unknown thread"    [_thread_in_vm, id=77428, stack(0x0000001134a00000,0x0000001134b00000) (1024K)]
Total: 1

Threads with active compile tasks:
Total: 0

VM state: not at safepoint (not fully initialized)

VM Mutex/Monitor currently owned by a thread: None

Heap address: 0x0000000000000000, size: 0 MB, Compressed Oops mode: 32-bit

CDS archive(s) mapped at: [0x0000000000000000-0x0000000000000000-0x0000000000000000), size 0, SharedBaseAddress: 0x0000000800000000, ArchiveRelocationMode: 1.
Narrow klass base: 0x0000000000000000, Narrow klass shift: 0, Narrow klass range: 0x0

GC Precious Log:
 CardTable entry size: 512
 Card Set container configuration: InlinePtr #cards 5 size 8 Array Of Cards #cards 12 size 40 Howl #buckets 4 coarsen threshold 1843 Howl Bitmap #cards 512 size 80 coarsen threshold 460 Card regions per heap region 1 cards per card region 2048

GC Heap History (0 events):
No events

Dll operation events (1 events):
Event: 0.104 Loaded shared library C:\Program Files\Android\Android Studio1\jbr\bin\java.dll

Deoptimization events (0 events):
No events

Classes loaded (0 events):
No events

Classes unloaded (0 events):
No events

Classes redefined (0 events):
No events

Internal exceptions (0 events):
No events

ZGC Phase Switch (0 events):
No events

VM Operations (0 events):
No events

Memory protections (0 events):
No events

Nmethod flushes (0 events):
No events

Events (0 events):
No events


Dynamic libraries:
0x00007ff785380000 - 0x00007ff78538a000 	C:\Program Files\Android\Android Studio1\jbr\bin\java.EXE
0x00007ffa63710000 - 0x00007ffa63927000 	C:\WINDOWS\SYSTEM32\ntdll.dll
0x00007ffa61700000 - 0x00007ffa617c4000 	C:\WINDOWS\System32\KERNEL32.DLL
0x00007ffa60f10000 - 0x00007ffa612e3000 	C:\WINDOWS\System32\KERNELBASE.dll
0x00007ffa60bb0000 - 0x00007ffa60cc1000 	C:\WINDOWS\System32\ucrtbase.dll
0x00007ffa4e7b0000 - 0x00007ffa4e7c8000 	C:\Program Files\Android\Android Studio1\jbr\bin\jli.dll
0x00007ffa4d7f0000 - 0x00007ffa4d80b000 	C:\Program Files\Android\Android Studio1\jbr\bin\VCRUNTIME140.dll
0x00007ffa63500000 - 0x00007ffa636b1000 	C:\WINDOWS\System32\USER32.dll
0x00007ffa60810000 - 0x00007ffa60836000 	C:\WINDOWS\System32\win32u.dll
0x00007ffa4ca40000 - 0x00007ffa4ccdb000 	C:\WINDOWS\WinSxS\amd64_microsoft.windows.common-controls_6595b64144ccf1df_6.0.22621.5262_none_2712bde373830908\COMCTL32.dll
0x00007ffa624d0000 - 0x00007ffa624f9000 	C:\WINDOWS\System32\GDI32.dll
0x00007ffa608c0000 - 0x00007ffa609e2000 	C:\WINDOWS\System32\gdi32full.dll
0x00007ffa60cd0000 - 0x00007ffa60d6a000 	C:\WINDOWS\System32\msvcp_win.dll
0x00007ffa617d0000 - 0x00007ffa61877000 	C:\WINDOWS\System32\msvcrt.dll
0x00007ffa634c0000 - 0x00007ffa634f1000 	C:\WINDOWS\System32\IMM32.DLL
0x00007ffa5bd60000 - 0x00007ffa5bd6c000 	C:\Program Files\Android\Android Studio1\jbr\bin\vcruntime140_1.dll
0x00007ffa1c130000 - 0x00007ffa1c1bd000 	C:\Program Files\Android\Android Studio1\jbr\bin\msvcp140.dll
0x00007ff9b90c0000 - 0x00007ff9b9d4b000 	C:\Program Files\Android\Android Studio1\jbr\bin\server\jvm.dll
0x00007ffa62f80000 - 0x00007ffa63031000 	C:\WINDOWS\System32\ADVAPI32.dll
0x00007ffa61b10000 - 0x00007ffa61bb7000 	C:\WINDOWS\System32\sechost.dll
0x00007ffa60d70000 - 0x00007ffa60d98000 	C:\WINDOWS\System32\bcrypt.dll
0x00007ffa61580000 - 0x00007ffa61694000 	C:\WINDOWS\System32\RPCRT4.dll
0x00007ffa63260000 - 0x00007ffa632d1000 	C:\WINDOWS\System32\WS2_32.dll
0x00007ffa60530000 - 0x00007ffa6057d000 	C:\WINDOWS\SYSTEM32\POWRPROF.dll
0x00007ffa5bcc0000 - 0x00007ffa5bcf4000 	C:\WINDOWS\SYSTEM32\WINMM.dll
0x00007ffa58290000 - 0x00007ffa5829a000 	C:\WINDOWS\SYSTEM32\VERSION.dll
0x00007ffa60510000 - 0x00007ffa60523000 	C:\WINDOWS\SYSTEM32\UMPDC.dll
0x00007ffa5f850000 - 0x00007ffa5f868000 	C:\WINDOWS\SYSTEM32\kernel.appcore.dll
0x00007ffa4ef20000 - 0x00007ffa4ef2a000 	C:\Program Files\Android\Android Studio1\jbr\bin\jimage.dll
0x00007ffa5dc40000 - 0x00007ffa5de72000 	C:\WINDOWS\SYSTEM32\DBGHELP.DLL
0x00007ffa62be0000 - 0x00007ffa62f73000 	C:\WINDOWS\System32\combase.dll
0x00007ffa61a20000 - 0x00007ffa61af7000 	C:\WINDOWS\System32\OLEAUT32.dll
0x00007ffa4b650000 - 0x00007ffa4b682000 	C:\WINDOWS\SYSTEM32\dbgcore.DLL
0x00007ffa60b30000 - 0x00007ffa60bab000 	C:\WINDOWS\System32\bcryptPrimitives.dll
0x00007ffa38930000 - 0x00007ffa38950000 	C:\Program Files\Android\Android Studio1\jbr\bin\java.dll

dbghelp: loaded successfully - version: 4.0.5 - missing functions: none
symbol engine: initialized successfully - sym options: 0x614 - pdb path: .;C:\Program Files\Android\Android Studio1\jbr\bin;C:\WINDOWS\SYSTEM32;C:\WINDOWS\WinSxS\amd64_microsoft.windows.common-controls_6595b64144ccf1df_6.0.22621.5262_none_2712bde373830908;C:\Program Files\Android\Android Studio1\jbr\bin\server

VM Arguments:
java_command: <unknown>
java_class_path (initial): <not set>
Launcher Type: SUN_STANDARD

[Global flags]
     intx CICompilerCount                          = 4                                         {product} {ergonomic}
     uint ConcGCThreads                            = 2                                         {product} {ergonomic}
     uint G1ConcRefinementThreads                  = 8                                         {product} {ergonomic}
   size_t G1HeapRegionSize                         = 1048576                                   {product} {ergonomic}
    uintx GCDrainStackTargetSize                   = 64                                        {product} {ergonomic}
   size_t InitialHeapSize                          = 96468992                                  {product} {ergonomic}
   size_t MarkStackSize                            = 4194304                                   {product} {ergonomic}
   size_t MaxHeapSize                              = 1541406720                                {product} {ergonomic}
   size_t MinHeapDeltaBytes                        = 1048576                                   {product} {ergonomic}
   size_t MinHeapSize                              = 8388608                                   {product} {ergonomic}
    uintx NonNMethodCodeHeapSize                   = 5839372                                {pd product} {ergonomic}
    uintx NonProfiledCodeHeapSize                  = 122909434                              {pd product} {ergonomic}
    uintx ProfiledCodeHeapSize                     = 122909434                              {pd product} {ergonomic}
    uintx ReservedCodeCacheSize                    = 251658240                              {pd product} {ergonomic}
     bool SegmentedCodeCache                       = true                                      {product} {ergonomic}
   size_t SoftMaxHeapSize                          = 1541406720                             {manageable} {ergonomic}
     bool UseCompressedOops                        = true                           {product lp64_product} {ergonomic}
     bool UseG1GC                                  = true                                      {product} {ergonomic}
     bool UseLargePagesIndividualAllocation        = false                                  {pd product} {ergonomic}

Logging:
Log output configuration:
 #0: stdout all=warning uptime,level,tags foldmultilines=false
 #1: stderr all=off uptime,level,tags foldmultilines=false

Environment Variables:
JAVA_HOME=C:\Program Files\Android\Android Studio\jbr
PATH=C:\flutter\bin\;C:\Program Files\Android\Android Studio\jbr\bin;C:\Program Files\Android\Android Studio\bin;"C:\Program Files\SomeOtherPath;C:\Program Files\Android\Android Studio\jbr\bin;";C:\WINDOWS\system32;C:\WINDOWS;C:\WINDOWS\System32\Wbem;C:\WINDOWS\System32\WindowsPowerShell\v1.0\;C:\WINDOWS\System32\OpenSSH\;C:\Program Files\Cloudflare\Cloudflare WARP\;C:\Users\CORNELISMAN\AppData\Local\Pub\Cache\bin;C:\Program Files\Common Files\Oracle\Java\javapath;C:\Program Files\Java\jdk-21\bin;C:\laragon\bin\php;C:\xampp\php;C:\ProgramData\ComposerSetup\bin;C:\laragon\bin\php\php-8.3.7-src;C:\Program Files\nodejs\;C:\Program Files\Git\cmd;C:\Program Files (x86)\Git\cmd;C:\laragon\bin;C:\laragon\bin\apache\httpd-2.4.54-win64-VS16\bin;C:\laragon\bin\composer;C:\laragon\bin\git\bin;C:\laragon\bin\git\cmd;C:\laragon\bin\git\mingw64\bin;C:\laragon\bin\git\usr\bin;C:\laragon\bin\laragon\utils;C:\laragon\bin\mysql\mysql-8.0.30-winx64\bin;C:\laragon\bin\nginx\nginx-1.22.0;C:\laragon\bin\ngrok;C:\laragon\bin\nodejs\node-v18;C:\laragon\bin\notepad++;C:\laragon\bin\php\php-8.1.10-Win32-vs16-x64;C:\laragon\bin\python\python-3.10;C:\laragon\bin\python\python-3.10\Scripts;C:\laragon\bin\redis\redis-x64-5.0.14.1;C:\laragon\bin\telnet;C:\laragon\bin\yarn\bin;C:\laragon\usr\bin;C:\Users\CORNELISMAN\AppData\Local\Yarn\config\global\node_modules\.bin;C:\Users\CORNELISMAN\AppData\Roaming\Composer\vendor\bin;C:\Users\CORNELISMAN\AppData\Local\Microsoft\WindowsApps;C:\Users\CORNELISMAN\AppData\Local\Android\sdk\platform-tools;C:\Users\CORNELISMAN\AppData\Local\GitHubDesktop\bin;C:\Users\CORNELISMAN\AppData\Roaming\npm;C:\Users\CORNELISMAN\AppData\Local\Programs\Microsoft VS Code\bin;C:\flutter\bin;;C:\flutter\bin\mingit\cmd
USERNAME=CORNELISMAN
LANG=en_US.UTF-8
OS=Windows_NT
PROCESSOR_IDENTIFIER=AMD64 Family 23 Model 160 Stepping 0, AuthenticAMD
TMP=C:\Users\CORNEL~1\AppData\Local\Temp
TEMP=C:\Users\CORNEL~1\AppData\Local\Temp




Periodic native trim disabled

JNI global refs:
JNI global refs: 0, weak refs: 0

JNI global refs memory usage: 0, weak refs: 0

Process memory usage:
Resident Set Size: 10876K (0% of 6018300K total physical memory with 12792K free physical memory)

OOME stack traces (most recent first):
Classloader memory used:

---------------  S Y S T E M  ---------------

OS:
 Windows 11 , 64 bit Build 22621 (10.0.22621.5262)
OS uptime: 0 days 23:25 hours
Hyper-V role detected

CPU: total 8 (initial active 8) (8 cores per cpu, 2 threads per core) family 23 model 160 stepping 0 microcode 0x0, cx8, cmov, fxsr, ht, mmx, 3dnowpref, sse, sse2, sse3, ssse3, sse4a, sse4.1, sse4.2, popcnt, lzcnt, tsc, tscinvbit, avx, avx2, aes, clmul, bmi1, bmi2, adx, sha, fma, vzeroupper, clflush, clflushopt, hv, rdtscp, rdpid, f16c
Processor Information for the first 8 processors :
  Max Mhz: 2401, Current Mhz: 2401, Mhz Limit: 2401

Memory: 4k page, system-wide physical 5877M (12M free)
TotalPageFile size 22261M (AvailPageFile size 4M)
current process WorkingSet (physical memory assigned to process): 10M, peak: 10M
current process commit charge ("private bytes"): 17M, peak: 18M

vm_info: OpenJDK 64-Bit Server VM (21.0.6+-13355223-b631.42) for windows-amd64 JRE (21.0.6+-13355223-b631.42), built on 2025-04-14T18:21:23Z by "builder" with MS VC++ 16.10 / 16.11 (VS2019)

END.
